<?xml version="1.0" encoding="UTF-8"?>
<testsuite xmlns:xsi="http://www.w3.org/2001/XMLSchema-instance" xsi:noNamespaceSchemaLocation="https://maven.apache.org/surefire/maven-surefire-plugin/xsd/surefire-test-report.xsd" name="mflix.api.daos.TimeoutsTest" time="0.709" tests="2" errors="2" skipped="0" failures="0">
  <properties>
[...]
</properties>
  <testcase name="testConfiguredConnectionTimeoutMs" classname="mflix.api.daos.TimeoutsTest" time="0.068">
    <error type="java.lang.NullPointerException">java.lang.NullPointerException
	at mflix.api.daos.TimeoutsTest.testConfiguredConnectionTimeoutMs(TimeoutsTest.java:58)
</error>
    <system-out><![CDATA[2019-10-21 08:33:55.444  INFO 71851 --- [           main] .b.t.c.SpringBootTestContextBootstrapper : Neither @ContextConfiguration nor @ContextHierarchy found for test class [mflix.api.daos.TimeoutsTest], using SpringBootContextLoader
2019-10-21 08:33:55.444  INFO 71851 --- [           main] o.s.t.c.support.AbstractContextLoader    : Could not detect default resource locations for test class [mflix.api.daos.TimeoutsTest]: no resource found for suffixes {-context.xml, Context.groovy}.
2019-10-21 08:33:55.447  INFO 71851 --- [           main] .b.t.c.SpringBootTestContextBootstrapper : Loaded default TestExecutionListener class names from location [META-INF/spring.factories]: [org.springframework.boot.test.mock.mockito.MockitoTestExecutionListener, org.springframework.boot.test.mock.mockito.ResetMocksTestExecutionListener, org.springframework.boot.test.autoconfigure.restdocs.RestDocsTestExecutionListener, org.springframework.boot.test.autoconfigure.web.client.MockRestServiceServerResetTestExecutionListener, org.springframework.boot.test.autoconfigure.web.servlet.MockMvcPrintOnlyOnFailureTestExecutionListener, org.springframework.boot.test.autoconfigure.web.servlet.WebDriverTestExecutionListener, org.springframework.test.context.web.ServletTestExecutionListener, org.springframework.test.context.support.DirtiesContextBeforeModesTestExecutionListener, org.springframework.test.context.support.DependencyInjectionTestExecutionListener, org.springframework.test.context.support.DirtiesContextTestExecutionListener, org.springframework.test.context.transaction.TransactionalTestExecutionListener, org.springframework.test.context.jdbc.SqlScriptsTestExecutionListener]
2019-10-21 08:33:55.447  INFO 71851 --- [           main] .b.t.c.SpringBootTestContextBootstrapper : Using TestExecutionListeners: [org.springframework.test.context.web.ServletTestExecutionListener@7a04fea7, org.springframework.test.context.support.DirtiesContextBeforeModesTestExecutionListener@1bc49bc5, org.springframework.boot.test.mock.mockito.MockitoTestExecutionListener@7b6e5c12, org.springframework.boot.test.autoconfigure.SpringBootDependencyInjectionTestExecutionListener@4f66ffc8, org.springframework.test.context.support.DirtiesContextTestExecutionListener@124ac145, org.springframework.boot.test.mock.mockito.ResetMocksTestExecutionListener@2def7a7a, org.springframework.boot.test.autoconfigure.restdocs.RestDocsTestExecutionListener@24e83d19, org.springframework.boot.test.autoconfigure.web.client.MockRestServiceServerResetTestExecutionListener@5c080ef3, org.springframework.boot.test.autoconfigure.web.servlet.MockMvcPrintOnlyOnFailureTestExecutionListener@188cbcde, org.springframework.boot.test.autoconfigure.web.servlet.WebDriverTestExecutionListener@4ee6291f]

  .   ____          _            __ _ _
 /\\ / ___'_ __ _ _(_)_ __  __ _ \ \ \ \
( ( )\___ | '_ | '_| | '_ \/ _` | \ \ \ \
 \\/  ___)| |_)| | | | | || (_| |  ) ) ) )
  '  |____| .__|_| |_|_| |_\__, | / / / /
 =========|_|==============|___/=/_/_/_/
 :: Spring Boot ::        (v2.0.4.RELEASE)

2019-10-21 08:33:55.468  INFO 71851 --- [           main] mflix.api.daos.TimeoutsTest              : Starting TimeoutsTest on Colins-MacBook-Pro.local with PID 71851 (started by cprincipe in /Users/cprincipe/repos/mflix-java/mflix)
2019-10-21 08:33:55.469  INFO 71851 --- [           main] mflix.api.daos.TimeoutsTest              : No active profile set, falling back to default profiles: default
2019-10-21 08:33:55.471  INFO 71851 --- [           main] o.s.w.c.s.GenericWebApplicationContext   : Refreshing org.springframework.web.context.support.GenericWebApplicationContext@14ef2482: startup date [Mon Oct 21 08:33:55 EDT 2019]; root of context hierarchy
2019-10-21 08:33:55.675  INFO 71851 --- [           main] org.mongodb.driver.cluster               : Cluster created with settings {hosts=[mflix-shard-00-00-6ujdm.mongodb.net:27017, mflix-shard-00-01-6ujdm.mongodb.net:27017, mflix-shard-00-02-6ujdm.mongodb.net:27017], mode=MULTIPLE, requiredClusterType=REPLICA_SET, serverSelectionTimeout='30000 ms', maxWaitQueueSize=500, requiredReplicaSetName='mflix-shard-0'}
2019-10-21 08:33:55.675  INFO 71851 --- [           main] org.mongodb.driver.cluster               : Adding discovered server mflix-shard-00-00-6ujdm.mongodb.net:27017 to client view of cluster
2019-10-21 08:33:55.676  INFO 71851 --- [           main] org.mongodb.driver.cluster               : Adding discovered server mflix-shard-00-01-6ujdm.mongodb.net:27017 to client view of cluster
2019-10-21 08:33:55.677  INFO 71851 --- [           main] org.mongodb.driver.cluster               : Adding discovered server mflix-shard-00-02-6ujdm.mongodb.net:27017 to client view of cluster
2019-10-21 08:33:55.770  INFO 71851 --- [           main] o.s.w.s.handler.SimpleUrlHandlerMapping  : Mapped URL path [/**/favicon.ico] onto handler of type [class org.springframework.web.servlet.resource.ResourceHttpRequestHandler]
2019-10-21 08:33:55.827  INFO 71851 --- [ngodb.net:27017] org.mongodb.driver.connection            : Opened connection [connectionId{localValue:6, serverValue:23106}] to mflix-shard-00-01-6ujdm.mongodb.net:27017
2019-10-21 08:33:55.832  INFO 71851 --- [ngodb.net:27017] org.mongodb.driver.connection            : Opened connection [connectionId{localValue:5, serverValue:48773}] to mflix-shard-00-00-6ujdm.mongodb.net:27017
2019-10-21 08:33:55.834  INFO 71851 --- [ngodb.net:27017] org.mongodb.driver.connection            : Opened connection [connectionId{localValue:7, serverValue:48791}] to mflix-shard-00-02-6ujdm.mongodb.net:27017
2019-10-21 08:33:55.837  INFO 71851 --- [           main] s.w.s.m.m.a.RequestMappingHandlerAdapter : Looking for @ControllerAdvice: org.springframework.web.context.support.GenericWebApplicationContext@14ef2482: startup date [Mon Oct 21 08:33:55 EDT 2019]; root of context hierarchy
2019-10-21 08:33:55.849  INFO 71851 --- [           main] s.w.s.m.m.a.RequestMappingHandlerMapping : Mapped "{[/error]}" onto public org.springframework.http.ResponseEntity<java.util.Map<java.lang.String, java.lang.Object>> org.springframework.boot.autoconfigure.web.servlet.error.BasicErrorController.error(javax.servlet.http.HttpServletRequest)
2019-10-21 08:33:55.849  INFO 71851 --- [           main] s.w.s.m.m.a.RequestMappingHandlerMapping : Mapped "{[/error],produces=[text/html]}" onto public org.springframework.web.servlet.ModelAndView org.springframework.boot.autoconfigure.web.servlet.error.BasicErrorController.errorHtml(javax.servlet.http.HttpServletRequest,javax.servlet.http.HttpServletResponse)
2019-10-21 08:33:55.853  INFO 71851 --- [ngodb.net:27017] org.mongodb.driver.cluster               : Monitor thread successfully connected to server with description ServerDescription{address=mflix-shard-00-01-6ujdm.mongodb.net:27017, type=REPLICA_SET_SECONDARY, state=CONNECTED, ok=true, version=ServerVersion{versionList=[4, 0, 12]}, minWireVersion=0, maxWireVersion=7, maxDocumentSize=16777216, logicalSessionTimeoutMinutes=30, roundTripTimeNanos=25121124, setName='mflix-shard-0', canonicalAddress=mflix-shard-00-01-6ujdm.mongodb.net:27017, hosts=[mflix-shard-00-02-6ujdm.mongodb.net:27017, mflix-shard-00-00-6ujdm.mongodb.net:27017, mflix-shard-00-01-6ujdm.mongodb.net:27017], passives=[], arbiters=[], primary='mflix-shard-00-00-6ujdm.mongodb.net:27017', tagSet=TagSet{[Tag{name='region', value='US_EAST_1'}, Tag{name='provider', value='AWS'}, Tag{name='nodeType', value='ELECTABLE'}]}, electionId=null, setVersion=1, lastWriteDate=Mon Oct 21 08:33:55 EDT 2019, lastUpdateTimeNanos=45227157329035}
2019-10-21 08:33:55.857  INFO 71851 --- [ngodb.net:27017] org.mongodb.driver.cluster               : Monitor thread successfully connected to server with description ServerDescription{address=mflix-shard-00-00-6ujdm.mongodb.net:27017, type=REPLICA_SET_PRIMARY, state=CONNECTED, ok=true, version=ServerVersion{versionList=[4, 0, 12]}, minWireVersion=0, maxWireVersion=7, maxDocumentSize=16777216, logicalSessionTimeoutMinutes=30, roundTripTimeNanos=23830335, setName='mflix-shard-0', canonicalAddress=mflix-shard-00-00-6ujdm.mongodb.net:27017, hosts=[mflix-shard-00-02-6ujdm.mongodb.net:27017, mflix-shard-00-00-6ujdm.mongodb.net:27017, mflix-shard-00-01-6ujdm.mongodb.net:27017], passives=[], arbiters=[], primary='mflix-shard-00-00-6ujdm.mongodb.net:27017', tagSet=TagSet{[Tag{name='region', value='US_EAST_1'}, Tag{name='provider', value='AWS'}, Tag{name='nodeType', value='ELECTABLE'}]}, electionId=7fffffff0000000000000001, setVersion=1, lastWriteDate=Mon Oct 21 08:33:55 EDT 2019, lastUpdateTimeNanos=45227161154816}
2019-10-21 08:33:55.857  INFO 71851 --- [ngodb.net:27017] org.mongodb.driver.cluster               : Setting max election id to 7fffffff0000000000000001 from replica set primary mflix-shard-00-00-6ujdm.mongodb.net:27017
2019-10-21 08:33:55.857  INFO 71851 --- [ngodb.net:27017] org.mongodb.driver.cluster               : Setting max set version to 1 from replica set primary mflix-shard-00-00-6ujdm.mongodb.net:27017
2019-10-21 08:33:55.857  INFO 71851 --- [ngodb.net:27017] org.mongodb.driver.cluster               : Discovered replica set primary mflix-shard-00-00-6ujdm.mongodb.net:27017
2019-10-21 08:33:55.860  INFO 71851 --- [ngodb.net:27017] org.mongodb.driver.cluster               : Monitor thread successfully connected to server with description ServerDescription{address=mflix-shard-00-02-6ujdm.mongodb.net:27017, type=REPLICA_SET_SECONDARY, state=CONNECTED, ok=true, version=ServerVersion{versionList=[4, 0, 12]}, minWireVersion=0, maxWireVersion=7, maxDocumentSize=16777216, logicalSessionTimeoutMinutes=30, roundTripTimeNanos=25306305, setName='mflix-shard-0', canonicalAddress=mflix-shard-00-02-6ujdm.mongodb.net:27017, hosts=[mflix-shard-00-02-6ujdm.mongodb.net:27017, mflix-shard-00-00-6ujdm.mongodb.net:27017, mflix-shard-00-01-6ujdm.mongodb.net:27017], passives=[], arbiters=[], primary='mflix-shard-00-00-6ujdm.mongodb.net:27017', tagSet=TagSet{[Tag{name='region', value='US_EAST_1'}, Tag{name='provider', value='AWS'}, Tag{name='nodeType', value='ELECTABLE'}]}, electionId=null, setVersion=1, lastWriteDate=Mon Oct 21 08:33:55 EDT 2019, lastUpdateTimeNanos=45227164208848}
2019-10-21 08:33:55.866  INFO 71851 --- [           main] o.s.w.s.handler.SimpleUrlHandlerMapping  : Mapped URL path [/webjars/**] onto handler of type [class org.springframework.web.servlet.resource.ResourceHttpRequestHandler]
2019-10-21 08:33:55.867  INFO 71851 --- [           main] o.s.w.s.handler.SimpleUrlHandlerMapping  : Mapped URL path [/**] onto handler of type [class org.springframework.web.servlet.resource.ResourceHttpRequestHandler]
2019-10-21 08:33:55.888  INFO 71851 --- [           main] o.s.b.a.w.s.WelcomePageHandlerMapping    : Adding welcome page: class path resource [build/index.html]
2019-10-21 08:33:55.973  INFO 71851 --- [           main] .s.s.UserDetailsServiceAutoConfiguration : 

Using generated security password: 1da724bd-867b-4c98-8f61-b6b0b6085bd6

2019-10-21 08:33:56.019  INFO 71851 --- [           main] o.s.s.web.DefaultSecurityFilterChain     : Creating filter chain: org.springframework.security.web.util.matcher.AnyRequestMatcher@1, [org.springframework.security.web.context.request.async.WebAsyncManagerIntegrationFilter@5e0ec41f, org.springframework.security.web.context.SecurityContextPersistenceFilter@178f268a, org.springframework.security.web.header.HeaderWriterFilter@329bad59, org.springframework.security.web.csrf.CsrfFilter@61bfc9bf, org.springframework.security.web.authentication.logout.LogoutFilter@2d7a9786, org.springframework.security.web.authentication.UsernamePasswordAuthenticationFilter@571a01f9, org.springframework.security.web.authentication.ui.DefaultLoginPageGeneratingFilter@432f521f, org.springframework.security.web.authentication.www.BasicAuthenticationFilter@d7109be, org.springframework.security.web.savedrequest.RequestCacheAwareFilter@33ecbd6c, org.springframework.security.web.servletapi.SecurityContextHolderAwareRequestFilter@5c723f2d, org.springframework.security.web.authentication.AnonymousAuthenticationFilter@f4a3a8d, org.springframework.security.web.session.SessionManagementFilter@862f408, org.springframework.security.web.access.ExceptionTranslationFilter@2c7106d9, org.springframework.security.web.access.intercept.FilterSecurityInterceptor@7654f833]
2019-10-21 08:33:56.050  INFO 71851 --- [           main] mflix.api.daos.TimeoutsTest              : Started TimeoutsTest in 0.601 seconds (JVM running for 4.442)
2019-10-21 08:33:56.085  INFO 71851 --- [           main] org.mongodb.driver.cluster               : Cluster created with settings {hosts=[mflix-shard-00-00-6ujdm.mongodb.net:27017, mflix-shard-00-01-6ujdm.mongodb.net:27017, mflix-shard-00-02-6ujdm.mongodb.net:27017], mode=MULTIPLE, requiredClusterType=REPLICA_SET, serverSelectionTimeout='30000 ms', maxWaitQueueSize=500, requiredReplicaSetName='mflix-shard-0'}
2019-10-21 08:33:56.086  INFO 71851 --- [           main] org.mongodb.driver.cluster               : Adding discovered server mflix-shard-00-00-6ujdm.mongodb.net:27017 to client view of cluster
2019-10-21 08:33:56.086  INFO 71851 --- [           main] org.mongodb.driver.cluster               : Adding discovered server mflix-shard-00-01-6ujdm.mongodb.net:27017 to client view of cluster
2019-10-21 08:33:56.086  INFO 71851 --- [           main] org.mongodb.driver.cluster               : Adding discovered server mflix-shard-00-02-6ujdm.mongodb.net:27017 to client view of cluster
]]></system-out>
  </testcase>
  <testcase name="testConfiguredWtimeout" classname="mflix.api.daos.TimeoutsTest" time="0.035">
    <error type="java.lang.NullPointerException">java.lang.NullPointerException
	at mflix.api.daos.TimeoutsTest.testConfiguredWtimeout(TimeoutsTest.java:49)
</error>
    <system-out><![CDATA[2019-10-21 08:33:56.153  INFO 71851 --- [           main] org.mongodb.driver.cluster               : Cluster created with settings {hosts=[mflix-shard-00-00-6ujdm.mongodb.net:27017, mflix-shard-00-01-6ujdm.mongodb.net:27017, mflix-shard-00-02-6ujdm.mongodb.net:27017], mode=MULTIPLE, requiredClusterType=REPLICA_SET, serverSelectionTimeout='30000 ms', maxWaitQueueSize=500, requiredReplicaSetName='mflix-shard-0'}
2019-10-21 08:33:56.153  INFO 71851 --- [           main] org.mongodb.driver.cluster               : Adding discovered server mflix-shard-00-00-6ujdm.mongodb.net:27017 to client view of cluster
2019-10-21 08:33:56.154  INFO 71851 --- [           main] org.mongodb.driver.cluster               : Adding discovered server mflix-shard-00-01-6ujdm.mongodb.net:27017 to client view of cluster
2019-10-21 08:33:56.154  INFO 71851 --- [           main] org.mongodb.driver.cluster               : Adding discovered server mflix-shard-00-02-6ujdm.mongodb.net:27017 to client view of cluster
]]></system-out>
  </testcase>
</testsuite>